This is pdfTeXk, Version 3.141592-1.40.3 (Web2C 7.5.6)
 %&-line parsing enabled.
entering extended mode
(./main.tex
LaTeX2e <2005/12/01>
Babel <v3.8h> and hyphenation patterns for english, usenglishmax, dumylang, noh
yphenation, arabic, basque, bulgarian, coptic, welsh, czech, slovak, german, ng
erman, danish, esperanto, spanish, catalan, galician, estonian, farsi, finnish,
 french, greek, monogreek, ancientgreek, croatian, hungarian, interlingua, ibyc
us, indonesian, icelandic, italian, latin, mongolian, dutch, norsk, polish, por
tuguese, pinyin, romanian, russian, slovenian, uppersorbian, serbian, swedish, 
turkish, ukenglish, ukrainian, loaded.
(/usr/share/texmf/tex/latex/base/article.cls
Document Class: article 2005/09/16 v1.4f Standard LaTeX document class
(/usr/share/texmf/tex/latex/base/size11.clo))
(/usr/share/texmf/tex/latex/base/inputenc.sty
(/usr/share/texmf/tex/latex/base/utf8.def
(/usr/share/texmf/tex/latex/base/t1enc.dfu)
(/usr/share/texmf/tex/latex/base/ot1enc.dfu)
(/usr/share/texmf/tex/latex/base/omsenc.dfu)))
(/usr/share/texmf/tex/latex/amsmath/amsmath.sty
For additional information on amsmath, use the `?' option.
<<<<<<< HEAD
(/usr/share/texmf/tex/latex/amsmath/amstext.sty
(/usr/share/texmf/tex/latex/amsmath/amsgen.sty))
(/usr/share/texmf/tex/latex/amsmath/amsbsy.sty)
(/usr/share/texmf/tex/latex/amsmath/amsopn.sty))
(/usr/share/texmf/tex/latex/psnfss/mathpazo.sty)
(/usr/share/texmf/tex/latex/base/fontenc.sty
(/usr/share/texmf/tex/latex/base/t1enc.def))
(/usr/share/texmf/tex/latex/ltxmisc/ulem.sty)
(/usr/share/texmf/tex/latex/amsfonts/amssymb.sty
(/usr/share/texmf/tex/latex/amsfonts/amsfonts.sty))
(/usr/share/texmf/tex/latex/tools/verbatim.sty)
(/usr/share/texmf/tex/latex/graphics/graphicx.sty
(/usr/share/texmf/tex/latex/graphics/keyval.sty)
(/usr/share/texmf/tex/latex/graphics/graphics.sty
(/usr/share/texmf/tex/latex/graphics/trig.sty)
(/usr/share/texmf/tex/latex/config/graphics.cfg)
(/usr/share/texmf/tex/latex/pdftex-def/pdftex.def)))
(/usr/share/texmf/tex/latex/psnfss/courier.sty)
=======
(/usr/share/texlive/texmf-dist/tex/latex/amsmath/amstext.sty
(/usr/share/texlive/texmf-dist/tex/latex/amsmath/amsgen.sty))
(/usr/share/texlive/texmf-dist/tex/latex/amsmath/amsbsy.sty)
(/usr/share/texlive/texmf-dist/tex/latex/amsmath/amsopn.sty))
(/usr/share/texlive/texmf-dist/tex/latex/psnfss/mathpazo.sty)
(/usr/share/texlive/texmf-dist/tex/latex/base/fontenc.sty
(/usr/share/texlive/texmf-dist/tex/latex/base/t1enc.def))
(/usr/share/texlive/texmf-dist/tex/generic/ulem/ulem.sty)
(/usr/share/texlive/texmf-dist/tex/latex/amsfonts/amssymb.sty
(/usr/share/texlive/texmf-dist/tex/latex/amsfonts/amsfonts.sty))
(/usr/share/texlive/texmf-dist/tex/latex/tools/verbatim.sty)
(/usr/share/texlive/texmf-dist/tex/latex/graphics/graphicx.sty
(/usr/share/texlive/texmf-dist/tex/latex/graphics/keyval.sty)
(/usr/share/texlive/texmf-dist/tex/latex/graphics/graphics.sty
(/usr/share/texlive/texmf-dist/tex/latex/graphics/trig.sty)
(/usr/share/texlive/texmf-dist/tex/latex/latexconfig/graphics.cfg)
(/usr/share/texlive/texmf-dist/tex/latex/pdftex-def/pdftex.def
(/usr/share/texlive/texmf-dist/tex/generic/oberdiek/infwarerr.sty)
(/usr/share/texlive/texmf-dist/tex/generic/oberdiek/ltxcmds.sty))))
(/usr/share/texlive/texmf-dist/tex/latex/psnfss/courier.sty)
(/usr/share/texlive/texmf-dist/tex/latex/cite/cite.sty)
>>>>>>> 33231889a3afc9cb07e04198f13beba7ae1c1cff
(/usr/share/texmf/tex/latex/xcolor/xcolor.sty
(/usr/share/texmf/tex/latex/config/color.cfg))
(/usr/share/texmf/tex/latex/geometry/geometry.sty
(/usr/share/texmf/tex/xelatex/xetexconfig/geometry.cfg))

Package geometry Warning: Over-specification in `h'-direction.
    `width' (597.50787pt) is ignored.


Package geometry Warning: Over-specification in `v'-direction.
    `height' (845.04684pt) is ignored.

<<<<<<< HEAD
(/usr/share/texmf/tex/latex/tools/multicol.sty)
(/usr/share/texmf/tex/latex/caption/caption.sty
(/usr/share/texmf/tex/latex/caption/caption3.sty))
(/usr/share/texmf/tex/latex/booktabs/booktabs.sty)
(/usr/share/texmf/tex/latex/float/float.sty)
(/usr/share/texmf/tex/latex/paralist/paralist.sty)
(/usr/share/texmf/tex/latex/abstract/abstract.sty)
(/usr/share/texmf/tex/latex/titlesec/titlesec.sty)
(/usr/share/texmf/tex/latex/titlesec/block.tss) (./main.aux)

LaTeX Font Warning: Font shape `T1/Type1/m/n' undefined
(Font)              using `T1/cmr/m/n' instead on input line 70.

(/usr/share/texmf/tex/latex/ragged2e/ragged2e.sty
(/usr/share/texmf/tex/latex/everysel/everysel.sty))

LaTeX Font Warning: Font shape `T1/Type1/m/n' in size <20> not available
(Font)              size <20.74> substituted on input line 74.

(/usr/share/texmf/tex/latex/psnfss/ot1pplx.fd)
(/usr/share/texmf/tex/latex/psnfss/omlzplm.fd)
(/usr/share/texmf/tex/latex/psnfss/omszplm.fd)
(/usr/share/texmf/tex/latex/psnfss/omxzplm.fd)
(/usr/share/texmf/tex/latex/psnfss/ot1zplm.fd)

pdfTeX warning: pdflatex (file ./images/UoL_CoA.pdf): PDF inclusion: found PDF 
version <1.5>, but at most version <1.4> allowed
<images/UoL_CoA.pdf, id=1, 218.3461pt x 221.35777pt> <use images/UoL_CoA.pdf>

LaTeX Font Warning: Font shape `T1/Type1/m/it' undefined
(Font)              using `T1/Type1/m/n' instead on input line 100.

[1{/var/lib/texmf/fonts/map/pdftex/updmap/pdftex.map} <./images/UoL_CoA.pdf

pdfTeX warning: pdflatex (file ./images/UoL_CoA.pdf): PDF inclusion: Page Group
 detected which pdfTeX can't handle. Ignoring it.
>] (./introduction.tex
=======
(/usr/share/texlive/texmf-dist/tex/latex/tools/multicol.sty)
(/usr/share/texlive/texmf-dist/tex/latex/caption/caption.sty
(/usr/share/texlive/texmf-dist/tex/latex/caption/caption3.sty))
(/usr/share/texlive/texmf-dist/tex/latex/booktabs/booktabs.sty)
(/usr/share/texlive/texmf-dist/tex/latex/float/float.sty)
(/usr/share/texlive/texmf-dist/tex/latex/paralist/paralist.sty)
(/usr/share/texlive/texmf-dist/tex/latex/abstract/abstract.sty)
(/usr/share/texlive/texmf-dist/tex/latex/titlesec/titlesec.sty)
(/usr/share/texlive/texmf-dist/tex/latex/titlesec/block.tss) (./main.aux)
(/usr/share/texlive/texmf-dist/tex/latex/psnfss/t1pplx.fd)
(/usr/share/texlive/texmf-dist/tex/context/base/supp-pdf.mkii
[Loading MPS to PDF converter (version 2006.09.02).]
) (/usr/share/texlive/texmf-dist/tex/generic/oberdiek/pdftexcmds.sty
(/usr/share/texlive/texmf-dist/tex/generic/oberdiek/ifluatex.sty))
(/usr/share/texlive/texmf-dist/tex/latex/oberdiek/epstopdf-base.sty
(/usr/share/texlive/texmf-dist/tex/latex/oberdiek/grfext.sty
(/usr/share/texlive/texmf-dist/tex/generic/oberdiek/kvdefinekeys.sty))
(/usr/share/texlive/texmf-dist/tex/latex/oberdiek/kvoptions.sty
(/usr/share/texlive/texmf-dist/tex/generic/oberdiek/kvsetkeys.sty
(/usr/share/texlive/texmf-dist/tex/generic/oberdiek/etexcmds.sty)))
(/usr/share/texlive/texmf-dist/tex/latex/latexconfig/epstopdf-sys.cfg))
*geometry* driver: auto-detecting
*geometry* detected driver: pdftex
(/usr/share/texlive/texmf-dist/tex/latex/psnfss/ot1pplx.fd)
(/usr/share/texlive/texmf-dist/tex/latex/psnfss/omlzplm.fd)
(/usr/share/texlive/texmf-dist/tex/latex/psnfss/omszplm.fd)
(/usr/share/texlive/texmf-dist/tex/latex/psnfss/omxzplm.fd)
(/usr/share/texlive/texmf-dist/tex/latex/psnfss/ot1zplm.fd)
<images/UoL_CoA.pdf, id=1, 218.3461pt x 221.35777pt> <use images/UoL_CoA.pdf>
[1{/var/lib/texmf/fonts/map/pdftex/updmap/pdftex.map} <./images/UoL_CoA.pdf>]
(./introduction.tex
Underfull \hbox (badness 10000) in paragraph at lines 14--15
>>>>>>> 33231889a3afc9cb07e04198f13beba7ae1c1cff


LaTeX Font Warning: Font shape `OMS/pplx/m/n' undefined
(Font)              using `OMS/cmsy/m/n' instead
(Font)              for symbol `textbullet' on input line 27.

[1] (./images/sbnd_stats_table.tex)
<<<<<<< HEAD
<images/LArTPC.pdf, id=26, 776.9025pt x 444.66125pt> <use images/LArTPC.pdf>
[2 <./images/LArTPC.pdf

pdfTeX warning: pdflatex (file ./images/LArTPC.pdf): PDF inclusion: Page Group 
detected which pdfTeX can't handle. Ignoring it.
>] [3]) (./interaction_phenom.tex

LaTeX Font Warning: Font shape `T1/Type1/bx/it' undefined
(Font)              using `T1/Type1/bx/n' instead on input line 5.

[4]) (./cc0pi_xsec.tex [5]) (./global_fit.tex [6]) (./prospects_sensitivity.tex
 [7]) (./discussion.tex [8]) (./main.bbl) [9] (./main.aux)

LaTeX Font Warning: Size substitutions with differences
(Font)              up to 0.74pt have occurred.

=======
<images/LArTPC.pdf, id=24, 776.9025pt x 444.66125pt> <use images/LArTPC.pdf>
[2 <./images/LArTPC.pdf>] [3]) (./interaction_phenom.tex [4]) (./cc0pi_xsec.tex
 [5]) (./global_fit.tex [6]) (./prospects_sensitivity.tex [7])
(./discussion.tex [8]) (./main.bbl) [9] (./main.aux)
>>>>>>> 33231889a3afc9cb07e04198f13beba7ae1c1cff

LaTeX Font Warning: Some font shapes were not available, defaults substituted.

 )
<<<<<<< HEAD
(see the transcript file for additional information){/usr/share/texmf/fonts/enc
/dvips/base/8r.enc} </user/rjones/.texlive2007/texmf-var/fonts/pk/ljfour/jknapp
en/ec/ecrm1728.600pk> </user/rjones/.texlive2007/texmf-var/fonts/pk/ljfour/jkna
ppen/ec/ecrm0900.600pk> </user/rjones/.texlive2007/texmf-var/fonts/pk/ljfour/jk
nappen/ec/ecrm1095.600pk> </user/rjones/.texlive2007/texmf-var/fonts/pk/ljfour/
jknappen/ec/ecrm1200.600pk> </user/rjones/.texlive2007/texmf-var/fonts/pk/ljfou
r/jknappen/ec/ecrm2074.600pk></usr/share/texmf/fonts/type1/bluesky/cm/cmr10.pfb
></usr/share/texmf/fonts/type1/bluesky/cm/cmsy10.pfb></usr/share/texmf/fonts/ty
pe1/public/mathpazo/fplmri.pfb></usr/share/texmf/fonts/type1/urw/palatino/uplr8
a.pfb></usr/share/texmf/fonts/type1/urw/palatino/uplri8a.pfb>
Output written on main.pdf (10 pages, 233895 bytes).
=======
(see the transcript file for additional information){/usr/share/texlive/texmf-d
ist/fonts/enc/dvips/base/8r.enc}</usr/share/texlive/texmf-dist/fonts/type1/publ
ic/amsfonts/cm/cmr10.pfb></usr/share/texlive/texmf-dist/fonts/type1/public/amsf
onts/cm/cmsy10.pfb></usr/share/texlive/texmf-dist/fonts/type1/public/mathpazo/f
plmri.pfb></usr/share/texlive/texmf-dist/fonts/type1/urw/palatino/uplb8a.pfb></
usr/share/texlive/texmf-dist/fonts/type1/urw/palatino/uplbi8a.pfb></usr/share/t
exlive/texmf-dist/fonts/type1/urw/palatino/uplr8a.pfb></usr/share/texlive/texmf
-dist/fonts/type1/urw/palatino/uplri8a.pfb>
Output written on main.pdf (10 pages, 213479 bytes).
>>>>>>> 33231889a3afc9cb07e04198f13beba7ae1c1cff
Transcript written on main.log.
